make all --print-data-base --no-builtin-variables --no-builtin-rules --question
# GNU Make 3.81
# Copyright (C) 2006  Free Software Foundation, Inc.
# This is free software; see the source for copying conditions.
# There is NO warranty; not even for MERCHANTABILITY or FITNESS FOR A
# PARTICULAR PURPOSE.

# This program built for i386-apple-darwin11.3.0
 

# Make data base, printed on Tue Jun  7 17:02:08 2022

# Variables

# automatic
<D = $(patsubst %/,%,$(dir $<))
# automatic
?F = $(notdir $?)
# makefile (from `Makefile', line 23)
OBJ = $(addprefix $(OBJDIR)/, $(addsuffix .o , $(SRCS)))
# environment
VSCODE_LOG_NATIVE = false
# automatic
?D = $(patsubst %/,%,$(dir $?))
# automatic
@D = $(patsubst %/,%,$(dir $@))
# automatic
@F = $(notdir $@)
# makefile
CURDIR := /Users/johnsmith/Desktop/42_Projects/minishell
# makefile
SHELL = /bin/sh
# environment
VSCODE_NLS_CONFIG = {"locale":"en-gb","availableLanguages":{},"_languagePackSupport":true}
# environment
_ = /usr/bin/make
# makefile (from `Makefile', line 27)
CFLAGS = -Wall -Wextra -Werror
# makefile (from `Makefile', line 1)
MAKEFILE_LIST :=  Makefile
# environment
VSCODE_VERBOSE_LOGGING = true
# environment
__CFBundleIdentifier = com.microsoft.VSCode
# environment
VSCODE_IPC_HOOK_EXTHOST = /var/folders/1r/0_wywpp16gdbvn_4ghgmwkt80000gn/T/vscode-ipc-71a69502-78a8-49c1-b83f-3b3878033aeb.sock
# environment
VSCODE_CWD = /
# environment
PATH = /usr/bin:/bin:/usr/sbin:/sbin:/usr/local/bin
# environment
LaunchInstanceID = 20F74637-5E60-4849-81C0-D6ED2AF2D20D
# environment
VSCODE_LOG_STACK = false
# environment
ELECTRON_RUN_AS_NODE = 1
# default
 
.FEATURES := target-specific order-only second-expansion else-if archives jobserver check-symlink
# environment
SSH_AUTH_SOCK = /private/tmp/com.apple.launchd.SEJgPee2zo/Listeners
# automatic
%F = $(notdir $%)
# environment
DISPLAY = /private/tmp/com.apple.launchd.7w3aTg1i1p/org.xquartz:0
# environment
VSCODE_PIPE_LOGGING = true
# environment
PWD = /Users/johnsmith/Desktop/42_Projects/minishell
# environment
ORIGINAL_XDG_CURRENT_DESKTOP = undefined
# environment
VSCODE_AMD_ENTRYPOINT = vs/workbench/api/node/extensionHostProcess
# environment
HOME = /Users/johnsmith
# default
MAKEFILEPATH := /Applications/Xcode.app/Contents/Developer/Makefiles
# environment
VSCODE_CODE_CACHE_PATH = /Users/johnsmith/Library/Application Support/Code/CachedData/c3511e6c69bb39013c4a4b7b9566ec1ca73fc4d5
# environment
LOGNAME = johnsmith
# environment
APPLICATION_INSIGHTS_NO_DIAGNOSTIC_CHANNEL = 1
# environment
VSCODE_HANDLES_UNCAUGHT_ERRORS = true
# automatic
^D = $(patsubst %/,%,$(dir $^))
# environment
XPC_FLAGS = 0x0
# default
MAKE = $(MAKE_COMMAND)
# default
MAKECMDGOALS := all
# makefile (from `Makefile', line 19)
SRCS = main/main cmds/cmdcheck parser/parser
# environment
SHLVL = 1
# makefile (from `Makefile', line 28)
LIBFT = libft/Library/libft.a
# makefile (from `Makefile', line 26)
CC = gcc
# default
MAKE_VERSION := 3.81
# environment
USER = johnsmith
# makefile
.DEFAULT_GOAL := all
# makefile (from `Makefile', line 16)
NAME = minishell
# automatic
%D = $(patsubst %/,%,$(dir $%))
# default
MAKE_COMMAND := /Applications/Xcode.app/Contents/Developer/usr/bin/make
# default
.VARIABLES := 
# environment
TMPDIR = /var/folders/1r/0_wywpp16gdbvn_4ghgmwkt80000gn/T/
# automatic
*F = $(notdir $*)
# environment
VSCODE_IPC_HOOK = /Users/johnsmith/Library/Application Support/Code/1.67.2-main.sock
# makefile
MAKEFLAGS = sRrqp
# environment
MFLAGS = -sRrqp
# automatic
*D = $(patsubst %/,%,$(dir $*))
# environment
XPC_SERVICE_NAME = application.com.microsoft.VSCode.8916556.8916562
# automatic
+D = $(patsubst %/,%,$(dir $+))
# automatic
+F = $(notdir $+)
# makefile (from `Makefile', line 29)
READ = readline/lib/*.dylib readline/lib/*.a
# environment
__CF_USER_TEXT_ENCODING = 0x1F5:0x0:0x2
# environment
COMMAND_MODE = unix2003
# default
MAKEFILES := 
# automatic
<F = $(notdir $<)
# makefile (from `Makefile', line 22)
OBJDIR = Objects
# environment
LC_ALL = C
# environment
SECURITYSESSIONID = 186a3
# automatic
^F = $(notdir $^)
# default
SUFFIXES := 
# default
.INCLUDE_DIRS = /usr/local/include
# environment
MAKELEVEL := 0
# environment
LANG = C
# environment
VSCODE_PID = 1552
# variable set hash-table stats:
# Load=73/1024=7%, Rehash=0, Collisions=3/111=3%

# Pattern-specific Variable Values

# No pattern-specific variable values.

# Directories

# . (device 16777225, inode 10124022): 12 files, no impossibilities.
# srcs/cmds (device 16777225, inode 10145327): 3 files, no impossibilities so far.
# srcs/main (device 16777225, inode 10127455): 3 files, no impossibilities so far.
# srcs (device 16777225, inode 10126732): No files, no impossibilities so far.
# srcs/parser (device 16777225, inode 10127467): 3 files, no impossibilities so far.

# 21 files, no impossibilities in 5 directories.

# Implicit Rules

Objects/%.o: srcs/%.c
#  commands to execute (from `Makefile', line 33):
	mkdir -p $(OBJDIR)
	mkdir -p $(OBJDIR)/main
	mkdir -p $(OBJDIR)/parser
	mkdir -p $(OBJDIR)/cmds
	$(CC) $(CFLAGS) -c $< -o $@
	

# 1 implicit rules, 0 (0.0%) terminal.

# Files

Objects/parser/parser.o: srcs/parser/parser.c
#  Implicit rule search has been done.
#  Implicit/static pattern stem: `parser/parser'
#  File does not exist.
#  File has been updated.
#  Needs to be updated (-q is set).
# automatic
# @ := Objects/parser/parser.o
# automatic
# % := 
# automatic
# * := parser/parser
# automatic
# + := srcs/parser/parser.c
# automatic
# | := 
# automatic
# < := srcs/parser/parser.c
# automatic
# ^ := srcs/parser/parser.c
# automatic
# ? := srcs/parser/parser.c
# variable set hash-table stats:
# Load=8/32=25%, Rehash=0, Collisions=1/18=6%
#  commands to execute (from `Makefile', line 33):
	mkdir -p $(OBJDIR)
	mkdir -p $(OBJDIR)/main
	mkdir -p $(OBJDIR)/parser
	mkdir -p $(OBJDIR)/cmds
	$(CC) $(CFLAGS) -c $< -o $@
	

# Not a target:
srcs/cmds/cmdcheck.c:
#  Implicit rule search has been done.
#  Last modified 2022-06-07 17:00:35
#  File has been updated.
#  Successfully updated.
# variable set hash-table stats:
# Load=0/32=0%, Rehash=0, Collisions=0/0=0%

all: minishell
#  Phony target (prerequisite of .PHONY).
#  Command-line target.
#  Implicit rule search has not been done.
#  File does not exist.
#  File has been updated.
#  Needs to be updated (-q is set).
# variable set hash-table stats:
# Load=0/32=0%, Rehash=0, Collisions=0/8=0%
#  commands to execute (from `Makefile', line 41):
	tput setaf 2; echo "-> Executable Provided <-"; tput setaf 7;
	

.PHONY: all clean fclean re printre
#  Implicit rule search has not been done.
#  Modification time never checked.
#  File has not been updated.

# Not a target:
.SUFFIXES:
#  Implicit rule search has not been done.
#  Modification time never checked.
#  File has not been updated.

printre:
#  Phony target (prerequisite of .PHONY).
#  Implicit rule search has not been done.
#  File does not exist.
#  File has not been updated.
#  commands to execute (from `Makefile', line 62):
	tput setaf 4; echo "-> Recreating <-"; tput setaf 7;
	

# Not a target:
Makefile:
#  Implicit rule search has been done.
#  Last modified 2022-06-07 17:02:04
#  File has been updated.
#  Successfully updated.
# variable set hash-table stats:
# Load=0/32=0%, Rehash=0, Collisions=0/0=0%

Objects/main/main.o: srcs/main/main.c
#  Implicit rule search has been done.
#  Implicit/static pattern stem: `main/main'
#  Last modified 2022-06-07 16:59:03
#  File has been updated.
#  Successfully updated.
# variable set hash-table stats:
# Load=0/32=0%, Rehash=0, Collisions=0/0=0%
#  commands to execute (from `Makefile', line 33):
	mkdir -p $(OBJDIR)
	mkdir -p $(OBJDIR)/main
	mkdir -p $(OBJDIR)/parser
	mkdir -p $(OBJDIR)/cmds
	$(CC) $(CFLAGS) -c $< -o $@
	

minishell: Objects/main/main.o Objects/cmds/cmdcheck.o Objects/parser/parser.o
#  Implicit rule search has not been done.
#  Last modified 2022-06-07 17:00:38
#  File has been updated.
#  Needs to be updated (-q is set).
# variable set hash-table stats:
# Load=0/32=0%, Rehash=0, Collisions=0/8=0%
#  commands to execute (from `Makefile', line 45):
	tput setaf 6; echo "-> Compiling <-"; tput setaf 7;
	make -C libft
	$(CC) $(CFLAGS) $(LIBFT) $(READ) $(OBJ) -o $(NAME)
	

Objects/cmds/cmdcheck.o: srcs/cmds/cmdcheck.c
#  Implicit rule search has been done.
#  Implicit/static pattern stem: `cmds/cmdcheck'
#  Last modified 2022-06-07 17:00:38
#  File has been updated.
#  Successfully updated.
# variable set hash-table stats:
# Load=0/32=0%, Rehash=0, Collisions=0/0=0%
#  commands to execute (from `Makefile', line 33):
	mkdir -p $(OBJDIR)
	mkdir -p $(OBJDIR)/main
	mkdir -p $(OBJDIR)/parser
	mkdir -p $(OBJDIR)/cmds
	$(CC) $(CFLAGS) -c $< -o $@
	

fclean: clean
#  Phony target (prerequisite of .PHONY).
#  Implicit rule search has not been done.
#  File does not exist.
#  File has not been updated.
#  commands to execute (from `Makefile', line 57):
	rm -f $(NAME)
	make fclean -C libft
	

.SILENT:
#  Implicit rule search has not been done.
#  Modification time never checked.
#  File has not been updated.

# Not a target:
.DEFAULT:
#  Implicit rule search has not been done.
#  Modification time never checked.
#  File has not been updated.

# Not a target:
srcs/parser/parser.c:
#  Implicit rule search has been done.
#  Last modified 2022-06-07 17:01:31
#  File has been updated.
#  Successfully updated.
# variable set hash-table stats:
# Load=0/32=0%, Rehash=0, Collisions=0/0=0%

re: fclean printre all
#  Phony target (prerequisite of .PHONY).
#  Implicit rule search has not been done.
#  File does not exist.
#  File has not been updated.

clean:
#  Phony target (prerequisite of .PHONY).
#  Implicit rule search has not been done.
#  File does not exist.
#  File has not been updated.
#  commands to execute (from `Makefile', line 51):
 
	tput setaf 1; echo "-> Cleaning <-"; tput setaf 7;
	rm -rf $(OBJDIR)
	make clean -C libft
	

# Not a target:
srcs/main/main.c:
#  Implicit rule search has been done.
#  Last modified 2022-06-07 16:59:01
#  File has been updated.
#  Successfully updated.
# variable set hash-table stats:
# Load=0/32=0%, Rehash=0, Collisions=0/0=0%

# files hash-table stats:
# Load=17/1024=2%, Rehash=0, Collisions=0/52=0%
# VPATH Search Paths

# No `vpath' search paths.

# No general (`VPATH' variable) search path.

# # of strings in strcache: 1
# # of strcache buffers: 1
# strcache size: total = 4096 / max = 4096 / min = 4096 / avg = 4096
# strcache free: total = 4087 / max = 4087 / min = 4087 / avg = 4087

# Finished Make data base on Tue Jun  7 17:02:08 2022

 
